#! /opt/homebrew/Cellar/icarus-verilog/11.0/bin/vvp
:ivl_version "11.0 (stable)";
:ivl_delay_selection "TYPICAL";
:vpi_time_precision + 0;
:vpi_module "/opt/homebrew/Cellar/icarus-verilog/11.0/lib/ivl/system.vpi";
:vpi_module "/opt/homebrew/Cellar/icarus-verilog/11.0/lib/ivl/vhdl_sys.vpi";
:vpi_module "/opt/homebrew/Cellar/icarus-verilog/11.0/lib/ivl/vhdl_textio.vpi";
:vpi_module "/opt/homebrew/Cellar/icarus-verilog/11.0/lib/ivl/v2005_math.vpi";
:vpi_module "/opt/homebrew/Cellar/icarus-verilog/11.0/lib/ivl/va_math.vpi";
S_0x1316100b0 .scope module, "testbench" "testbench" 2 18;
 .timescale 0 0;
v0x6000002de2e0_0 .net "carry", 0 0, v0x6000002ddb00_0;  1 drivers
v0x6000002de370_0 .var "inputA", 15 0;
v0x6000002de400_0 .var "inputB", 15 0;
v0x6000002de490_0 .var "inputC", 0 0;
v0x6000002de520_0 .net "result", 15 0, L_0x6000001daf80;  1 drivers
S_0x131610220 .scope module, "F16A" "SixteenBitFullAdder" 2 25, 2 2 0, S_0x1316100b0;
 .timescale 0 0;
    .port_info 0 /INPUT 16 "A";
    .port_info 1 /INPUT 16 "B";
    .port_info 2 /INPUT 1 "C";
    .port_info 3 /OUTPUT 1 "carry";
    .port_info 4 /OUTPUT 16 "sum";
v0x6000002ddf80_0 .net "A", 15 0, v0x6000002de370_0;  1 drivers
v0x6000002de010_0 .net "B", 15 0, v0x6000002de400_0;  1 drivers
v0x6000002de0a0_0 .net "C", 0 0, v0x6000002de490_0;  1 drivers
v0x6000002de130_0 .net "carry", 0 0, v0x6000002ddb00_0;  alias, 1 drivers
v0x6000002de1c0_0 .net "sum", 15 0, L_0x6000001daf80;  alias, 1 drivers
v0x6000002de250 .array "tempC", 0 2;
v0x6000002de250_0 .net v0x6000002de250 0, 0 0, v0x6000002daeb0_0; 1 drivers
v0x6000002de250_1 .net v0x6000002de250 1, 0 0, v0x6000002dbd50_0; 1 drivers
v0x6000002de250_2 .net v0x6000002de250 2, 0 0, v0x6000002dcc60_0; 1 drivers
L_0x6000001d9220 .part v0x6000002de370_0, 0, 4;
L_0x6000001d92c0 .part v0x6000002de400_0, 0, 4;
L_0x6000001d9b80 .part v0x6000002de370_0, 4, 4;
L_0x6000001d9c20 .part v0x6000002de400_0, 4, 4;
L_0x6000001da4e0 .part v0x6000002de370_0, 8, 4;
L_0x6000001da580 .part v0x6000002de400_0, 8, 4;
L_0x6000001dae40 .part v0x6000002de370_0, 12, 4;
L_0x6000001daee0 .part v0x6000002de400_0, 12, 4;
L_0x6000001daf80 .concat8 [ 4 4 4 4], L_0x6000001d9180, L_0x6000001d9ae0, L_0x6000001da440, L_0x6000001dada0;
S_0x131610390 .scope module, "FA40" "FourBitFullAdder" 2 11, 3 3 0, S_0x131610220;
 .timescale 0 0;
    .port_info 0 /INPUT 4 "A";
    .port_info 1 /INPUT 4 "B";
    .port_info 2 /INPUT 1 "C";
    .port_info 3 /OUTPUT 1 "carry";
    .port_info 4 /OUTPUT 4 "sum";
v0x6000002dafd0_0 .net "A", 3 0, L_0x6000001d9220;  1 drivers
v0x6000002db060_0 .net "B", 3 0, L_0x6000001d92c0;  1 drivers
v0x6000002db0f0_0 .net "C", 0 0, v0x6000002de490_0;  alias, 1 drivers
v0x6000002db180_0 .net "carry", 0 0, v0x6000002daeb0_0;  alias, 1 drivers
v0x6000002db210_0 .net "sum", 3 0, L_0x6000001d9180;  1 drivers
v0x6000002db2a0_0 .net "tempC", 2 0, L_0x6000001d8f00;  1 drivers
L_0x6000001d8a00 .part L_0x6000001d9220, 0, 1;
L_0x6000001d8aa0 .part L_0x6000001d92c0, 0, 1;
L_0x6000001d8b40 .part L_0x6000001d9220, 1, 1;
L_0x6000001d8be0 .part L_0x6000001d92c0, 1, 1;
L_0x6000001d8c80 .part L_0x6000001d8f00, 0, 1;
L_0x6000001d8d20 .part L_0x6000001d9220, 2, 1;
L_0x6000001d8dc0 .part L_0x6000001d92c0, 2, 1;
L_0x6000001d8e60 .part L_0x6000001d8f00, 1, 1;
L_0x6000001d8f00 .concat8 [ 1 1 1 0], v0x6000002d8480_0, v0x6000002da910_0, v0x6000002dabe0_0;
L_0x6000001d8fa0 .part L_0x6000001d9220, 3, 1;
L_0x6000001d9040 .part L_0x6000001d92c0, 3, 1;
L_0x6000001d90e0 .part L_0x6000001d8f00, 2, 1;
L_0x6000001d9180 .concat8 [ 1 1 1 1], v0x6000002da6d0_0, v0x6000002da9a0_0, v0x6000002dac70_0, v0x6000002daf40_0;
S_0x131610500 .scope module, "FA0" "FullAdder" 3 12, 4 3 0, S_0x131610390;
 .timescale 0 0;
    .port_info 0 /INPUT 1 "A";
    .port_info 1 /INPUT 1 "B";
    .port_info 2 /INPUT 1 "C";
    .port_info 3 /OUTPUT 1 "carry";
    .port_info 4 /OUTPUT 1 "sum";
v0x6000002da130_0 .net "A", 0 0, L_0x6000001d8a00;  1 drivers
v0x6000002d97a0_0 .net "B", 0 0, L_0x6000001d8aa0;  1 drivers
v0x6000002d8e10_0 .net "C", 0 0, v0x6000002de490_0;  alias, 1 drivers
v0x6000002d8480_0 .var "carry", 0 0;
v0x6000002da6d0_0 .var "sum", 0 0;
E_0x600003ed2d30 .event edge, v0x6000002da130_0, v0x6000002d97a0_0, v0x6000002d8e10_0;
S_0x131610670 .scope module, "FA1" "FullAdder" 3 13, 4 3 0, S_0x131610390;
 .timescale 0 0;
    .port_info 0 /INPUT 1 "A";
    .port_info 1 /INPUT 1 "B";
    .port_info 2 /INPUT 1 "C";
    .port_info 3 /OUTPUT 1 "carry";
    .port_info 4 /OUTPUT 1 "sum";
v0x6000002da760_0 .net "A", 0 0, L_0x6000001d8b40;  1 drivers
v0x6000002da7f0_0 .net "B", 0 0, L_0x6000001d8be0;  1 drivers
v0x6000002da880_0 .net "C", 0 0, L_0x6000001d8c80;  1 drivers
v0x6000002da910_0 .var "carry", 0 0;
v0x6000002da9a0_0 .var "sum", 0 0;
E_0x600003ed2ca0 .event edge, v0x6000002da760_0, v0x6000002da7f0_0, v0x6000002da880_0;
S_0x1316107e0 .scope module, "FA2" "FullAdder" 3 14, 4 3 0, S_0x131610390;
 .timescale 0 0;
    .port_info 0 /INPUT 1 "A";
    .port_info 1 /INPUT 1 "B";
    .port_info 2 /INPUT 1 "C";
    .port_info 3 /OUTPUT 1 "carry";
    .port_info 4 /OUTPUT 1 "sum";
v0x6000002daa30_0 .net "A", 0 0, L_0x6000001d8d20;  1 drivers
v0x6000002daac0_0 .net "B", 0 0, L_0x6000001d8dc0;  1 drivers
v0x6000002dab50_0 .net "C", 0 0, L_0x6000001d8e60;  1 drivers
v0x6000002dabe0_0 .var "carry", 0 0;
v0x6000002dac70_0 .var "sum", 0 0;
E_0x600003ed2c10 .event edge, v0x6000002daa30_0, v0x6000002daac0_0, v0x6000002dab50_0;
S_0x131610950 .scope module, "FA3" "FullAdder" 3 15, 4 3 0, S_0x131610390;
 .timescale 0 0;
    .port_info 0 /INPUT 1 "A";
    .port_info 1 /INPUT 1 "B";
    .port_info 2 /INPUT 1 "C";
    .port_info 3 /OUTPUT 1 "carry";
    .port_info 4 /OUTPUT 1 "sum";
v0x6000002dad00_0 .net "A", 0 0, L_0x6000001d8fa0;  1 drivers
v0x6000002dad90_0 .net "B", 0 0, L_0x6000001d9040;  1 drivers
v0x6000002dae20_0 .net "C", 0 0, L_0x6000001d90e0;  1 drivers
v0x6000002daeb0_0 .var "carry", 0 0;
v0x6000002daf40_0 .var "sum", 0 0;
E_0x600003ed2af0 .event edge, v0x6000002dad00_0, v0x6000002dad90_0, v0x6000002dae20_0;
S_0x131610ac0 .scope module, "FA41" "FourBitFullAdder" 2 12, 3 3 0, S_0x131610220;
 .timescale 0 0;
    .port_info 0 /INPUT 4 "A";
    .port_info 1 /INPUT 4 "B";
    .port_info 2 /INPUT 1 "C";
    .port_info 3 /OUTPUT 1 "carry";
    .port_info 4 /OUTPUT 4 "sum";
v0x6000002dbe70_0 .net "A", 3 0, L_0x6000001d9b80;  1 drivers
v0x6000002dbf00_0 .net "B", 3 0, L_0x6000001d9c20;  1 drivers
v0x6000002dc000_0 .net "C", 0 0, v0x6000002daeb0_0;  alias, 1 drivers
v0x6000002dc090_0 .net "carry", 0 0, v0x6000002dbd50_0;  alias, 1 drivers
v0x6000002dc120_0 .net "sum", 3 0, L_0x6000001d9ae0;  1 drivers
v0x6000002dc1b0_0 .net "tempC", 2 0, L_0x6000001d9860;  1 drivers
L_0x6000001d9360 .part L_0x6000001d9b80, 0, 1;
L_0x6000001d9400 .part L_0x6000001d9c20, 0, 1;
L_0x6000001d94a0 .part L_0x6000001d9b80, 1, 1;
L_0x6000001d9540 .part L_0x6000001d9c20, 1, 1;
L_0x6000001d95e0 .part L_0x6000001d9860, 0, 1;
L_0x6000001d9680 .part L_0x6000001d9b80, 2, 1;
L_0x6000001d9720 .part L_0x6000001d9c20, 2, 1;
L_0x6000001d97c0 .part L_0x6000001d9860, 1, 1;
L_0x6000001d9860 .concat8 [ 1 1 1 0], v0x6000002db4e0_0, v0x6000002db7b0_0, v0x6000002dba80_0;
L_0x6000001d9900 .part L_0x6000001d9b80, 3, 1;
L_0x6000001d99a0 .part L_0x6000001d9c20, 3, 1;
L_0x6000001d9a40 .part L_0x6000001d9860, 2, 1;
L_0x6000001d9ae0 .concat8 [ 1 1 1 1], v0x6000002db570_0, v0x6000002db840_0, v0x6000002dbb10_0, v0x6000002dbde0_0;
S_0x131610c30 .scope module, "FA0" "FullAdder" 3 12, 4 3 0, S_0x131610ac0;
 .timescale 0 0;
    .port_info 0 /INPUT 1 "A";
    .port_info 1 /INPUT 1 "B";
    .port_info 2 /INPUT 1 "C";
    .port_info 3 /OUTPUT 1 "carry";
    .port_info 4 /OUTPUT 1 "sum";
v0x6000002db330_0 .net "A", 0 0, L_0x6000001d9360;  1 drivers
v0x6000002db3c0_0 .net "B", 0 0, L_0x6000001d9400;  1 drivers
v0x6000002db450_0 .net "C", 0 0, v0x6000002daeb0_0;  alias, 1 drivers
v0x6000002db4e0_0 .var "carry", 0 0;
v0x6000002db570_0 .var "sum", 0 0;
E_0x600003ed1e30 .event edge, v0x6000002db330_0, v0x6000002db3c0_0, v0x6000002daeb0_0;
S_0x131610da0 .scope module, "FA1" "FullAdder" 3 13, 4 3 0, S_0x131610ac0;
 .timescale 0 0;
    .port_info 0 /INPUT 1 "A";
    .port_info 1 /INPUT 1 "B";
    .port_info 2 /INPUT 1 "C";
    .port_info 3 /OUTPUT 1 "carry";
    .port_info 4 /OUTPUT 1 "sum";
v0x6000002db600_0 .net "A", 0 0, L_0x6000001d94a0;  1 drivers
v0x6000002db690_0 .net "B", 0 0, L_0x6000001d9540;  1 drivers
v0x6000002db720_0 .net "C", 0 0, L_0x6000001d95e0;  1 drivers
v0x6000002db7b0_0 .var "carry", 0 0;
v0x6000002db840_0 .var "sum", 0 0;
E_0x600003ed1da0 .event edge, v0x6000002db600_0, v0x6000002db690_0, v0x6000002db720_0;
S_0x131610f10 .scope module, "FA2" "FullAdder" 3 14, 4 3 0, S_0x131610ac0;
 .timescale 0 0;
    .port_info 0 /INPUT 1 "A";
    .port_info 1 /INPUT 1 "B";
    .port_info 2 /INPUT 1 "C";
    .port_info 3 /OUTPUT 1 "carry";
    .port_info 4 /OUTPUT 1 "sum";
v0x6000002db8d0_0 .net "A", 0 0, L_0x6000001d9680;  1 drivers
v0x6000002db960_0 .net "B", 0 0, L_0x6000001d9720;  1 drivers
v0x6000002db9f0_0 .net "C", 0 0, L_0x6000001d97c0;  1 drivers
v0x6000002dba80_0 .var "carry", 0 0;
v0x6000002dbb10_0 .var "sum", 0 0;
E_0x600003ed1d10 .event edge, v0x6000002db8d0_0, v0x6000002db960_0, v0x6000002db9f0_0;
S_0x131611080 .scope module, "FA3" "FullAdder" 3 15, 4 3 0, S_0x131610ac0;
 .timescale 0 0;
    .port_info 0 /INPUT 1 "A";
    .port_info 1 /INPUT 1 "B";
    .port_info 2 /INPUT 1 "C";
    .port_info 3 /OUTPUT 1 "carry";
    .port_info 4 /OUTPUT 1 "sum";
v0x6000002dbba0_0 .net "A", 0 0, L_0x6000001d9900;  1 drivers
v0x6000002dbc30_0 .net "B", 0 0, L_0x6000001d99a0;  1 drivers
v0x6000002dbcc0_0 .net "C", 0 0, L_0x6000001d9a40;  1 drivers
v0x6000002dbd50_0 .var "carry", 0 0;
v0x6000002dbde0_0 .var "sum", 0 0;
E_0x600003ed1c80 .event edge, v0x6000002dbba0_0, v0x6000002dbc30_0, v0x6000002dbcc0_0;
S_0x1316111f0 .scope module, "FA42" "FourBitFullAdder" 2 13, 3 3 0, S_0x131610220;
 .timescale 0 0;
    .port_info 0 /INPUT 4 "A";
    .port_info 1 /INPUT 4 "B";
    .port_info 2 /INPUT 1 "C";
    .port_info 3 /OUTPUT 1 "carry";
    .port_info 4 /OUTPUT 4 "sum";
v0x6000002dcd80_0 .net "A", 3 0, L_0x6000001da4e0;  1 drivers
v0x6000002dce10_0 .net "B", 3 0, L_0x6000001da580;  1 drivers
v0x6000002dcea0_0 .net "C", 0 0, v0x6000002dbd50_0;  alias, 1 drivers
v0x6000002dcf30_0 .net "carry", 0 0, v0x6000002dcc60_0;  alias, 1 drivers
v0x6000002dcfc0_0 .net "sum", 3 0, L_0x6000001da440;  1 drivers
v0x6000002dd050_0 .net "tempC", 2 0, L_0x6000001da1c0;  1 drivers
L_0x6000001d9cc0 .part L_0x6000001da4e0, 0, 1;
L_0x6000001d9d60 .part L_0x6000001da580, 0, 1;
L_0x6000001d9e00 .part L_0x6000001da4e0, 1, 1;
L_0x6000001d9ea0 .part L_0x6000001da580, 1, 1;
L_0x6000001d9f40 .part L_0x6000001da1c0, 0, 1;
L_0x6000001d9fe0 .part L_0x6000001da4e0, 2, 1;
L_0x6000001da080 .part L_0x6000001da580, 2, 1;
L_0x6000001da120 .part L_0x6000001da1c0, 1, 1;
L_0x6000001da1c0 .concat8 [ 1 1 1 0], v0x6000002dc3f0_0, v0x6000002dc6c0_0, v0x6000002dc990_0;
L_0x6000001da260 .part L_0x6000001da4e0, 3, 1;
L_0x6000001da300 .part L_0x6000001da580, 3, 1;
L_0x6000001da3a0 .part L_0x6000001da1c0, 2, 1;
L_0x6000001da440 .concat8 [ 1 1 1 1], v0x6000002dc480_0, v0x6000002dc750_0, v0x6000002dca20_0, v0x6000002dccf0_0;
S_0x131611360 .scope module, "FA0" "FullAdder" 3 12, 4 3 0, S_0x1316111f0;
 .timescale 0 0;
    .port_info 0 /INPUT 1 "A";
    .port_info 1 /INPUT 1 "B";
    .port_info 2 /INPUT 1 "C";
    .port_info 3 /OUTPUT 1 "carry";
    .port_info 4 /OUTPUT 1 "sum";
v0x6000002dc240_0 .net "A", 0 0, L_0x6000001d9cc0;  1 drivers
v0x6000002dc2d0_0 .net "B", 0 0, L_0x6000001d9d60;  1 drivers
v0x6000002dc360_0 .net "C", 0 0, v0x6000002dbd50_0;  alias, 1 drivers
v0x6000002dc3f0_0 .var "carry", 0 0;
v0x6000002dc480_0 .var "sum", 0 0;
E_0x600003ed0e70 .event edge, v0x6000002dc240_0, v0x6000002dc2d0_0, v0x6000002dbd50_0;
S_0x1316114d0 .scope module, "FA1" "FullAdder" 3 13, 4 3 0, S_0x1316111f0;
 .timescale 0 0;
    .port_info 0 /INPUT 1 "A";
    .port_info 1 /INPUT 1 "B";
    .port_info 2 /INPUT 1 "C";
    .port_info 3 /OUTPUT 1 "carry";
    .port_info 4 /OUTPUT 1 "sum";
v0x6000002dc510_0 .net "A", 0 0, L_0x6000001d9e00;  1 drivers
v0x6000002dc5a0_0 .net "B", 0 0, L_0x6000001d9ea0;  1 drivers
v0x6000002dc630_0 .net "C", 0 0, L_0x6000001d9f40;  1 drivers
v0x6000002dc6c0_0 .var "carry", 0 0;
v0x6000002dc750_0 .var "sum", 0 0;
E_0x600003ed0ea0 .event edge, v0x6000002dc510_0, v0x6000002dc5a0_0, v0x6000002dc630_0;
S_0x131611640 .scope module, "FA2" "FullAdder" 3 14, 4 3 0, S_0x1316111f0;
 .timescale 0 0;
    .port_info 0 /INPUT 1 "A";
    .port_info 1 /INPUT 1 "B";
    .port_info 2 /INPUT 1 "C";
    .port_info 3 /OUTPUT 1 "carry";
    .port_info 4 /OUTPUT 1 "sum";
v0x6000002dc7e0_0 .net "A", 0 0, L_0x6000001d9fe0;  1 drivers
v0x6000002dc870_0 .net "B", 0 0, L_0x6000001da080;  1 drivers
v0x6000002dc900_0 .net "C", 0 0, L_0x6000001da120;  1 drivers
v0x6000002dc990_0 .var "carry", 0 0;
v0x6000002dca20_0 .var "sum", 0 0;
E_0x600003ed0e10 .event edge, v0x6000002dc7e0_0, v0x6000002dc870_0, v0x6000002dc900_0;
S_0x1316117b0 .scope module, "FA3" "FullAdder" 3 15, 4 3 0, S_0x1316111f0;
 .timescale 0 0;
    .port_info 0 /INPUT 1 "A";
    .port_info 1 /INPUT 1 "B";
    .port_info 2 /INPUT 1 "C";
    .port_info 3 /OUTPUT 1 "carry";
    .port_info 4 /OUTPUT 1 "sum";
v0x6000002dcab0_0 .net "A", 0 0, L_0x6000001da260;  1 drivers
v0x6000002dcb40_0 .net "B", 0 0, L_0x6000001da300;  1 drivers
v0x6000002dcbd0_0 .net "C", 0 0, L_0x6000001da3a0;  1 drivers
v0x6000002dcc60_0 .var "carry", 0 0;
v0x6000002dccf0_0 .var "sum", 0 0;
E_0x600003ed0d80 .event edge, v0x6000002dcab0_0, v0x6000002dcb40_0, v0x6000002dcbd0_0;
S_0x131611920 .scope module, "FA43" "FourBitFullAdder" 2 14, 3 3 0, S_0x131610220;
 .timescale 0 0;
    .port_info 0 /INPUT 4 "A";
    .port_info 1 /INPUT 4 "B";
    .port_info 2 /INPUT 1 "C";
    .port_info 3 /OUTPUT 1 "carry";
    .port_info 4 /OUTPUT 4 "sum";
v0x6000002ddc20_0 .net "A", 3 0, L_0x6000001dae40;  1 drivers
v0x6000002ddcb0_0 .net "B", 3 0, L_0x6000001daee0;  1 drivers
v0x6000002ddd40_0 .net "C", 0 0, v0x6000002dcc60_0;  alias, 1 drivers
v0x6000002dddd0_0 .net "carry", 0 0, v0x6000002ddb00_0;  alias, 1 drivers
v0x6000002dde60_0 .net "sum", 3 0, L_0x6000001dada0;  1 drivers
v0x6000002ddef0_0 .net "tempC", 2 0, L_0x6000001dab20;  1 drivers
L_0x6000001da620 .part L_0x6000001dae40, 0, 1;
L_0x6000001da6c0 .part L_0x6000001daee0, 0, 1;
L_0x6000001da760 .part L_0x6000001dae40, 1, 1;
L_0x6000001da800 .part L_0x6000001daee0, 1, 1;
L_0x6000001da8a0 .part L_0x6000001dab20, 0, 1;
L_0x6000001da940 .part L_0x6000001dae40, 2, 1;
L_0x6000001da9e0 .part L_0x6000001daee0, 2, 1;
L_0x6000001daa80 .part L_0x6000001dab20, 1, 1;
L_0x6000001dab20 .concat8 [ 1 1 1 0], v0x6000002dd290_0, v0x6000002dd560_0, v0x6000002dd830_0;
L_0x6000001dabc0 .part L_0x6000001dae40, 3, 1;
L_0x6000001dac60 .part L_0x6000001daee0, 3, 1;
L_0x6000001dad00 .part L_0x6000001dab20, 2, 1;
L_0x6000001dada0 .concat8 [ 1 1 1 1], v0x6000002dd320_0, v0x6000002dd5f0_0, v0x6000002dd8c0_0, v0x6000002ddb90_0;
S_0x131611a90 .scope module, "FA0" "FullAdder" 3 12, 4 3 0, S_0x131611920;
 .timescale 0 0;
    .port_info 0 /INPUT 1 "A";
    .port_info 1 /INPUT 1 "B";
    .port_info 2 /INPUT 1 "C";
    .port_info 3 /OUTPUT 1 "carry";
    .port_info 4 /OUTPUT 1 "sum";
v0x6000002dd0e0_0 .net "A", 0 0, L_0x6000001da620;  1 drivers
v0x6000002dd170_0 .net "B", 0 0, L_0x6000001da6c0;  1 drivers
v0x6000002dd200_0 .net "C", 0 0, v0x6000002dcc60_0;  alias, 1 drivers
v0x6000002dd290_0 .var "carry", 0 0;
v0x6000002dd320_0 .var "sum", 0 0;
E_0x600003ed2190 .event edge, v0x6000002dd0e0_0, v0x6000002dd170_0, v0x6000002dcc60_0;
S_0x131611c00 .scope module, "FA1" "FullAdder" 3 13, 4 3 0, S_0x131611920;
 .timescale 0 0;
    .port_info 0 /INPUT 1 "A";
    .port_info 1 /INPUT 1 "B";
    .port_info 2 /INPUT 1 "C";
    .port_info 3 /OUTPUT 1 "carry";
    .port_info 4 /OUTPUT 1 "sum";
v0x6000002dd3b0_0 .net "A", 0 0, L_0x6000001da760;  1 drivers
v0x6000002dd440_0 .net "B", 0 0, L_0x6000001da800;  1 drivers
v0x6000002dd4d0_0 .net "C", 0 0, L_0x6000001da8a0;  1 drivers
v0x6000002dd560_0 .var "carry", 0 0;
v0x6000002dd5f0_0 .var "sum", 0 0;
E_0x600003ed20d0 .event edge, v0x6000002dd3b0_0, v0x6000002dd440_0, v0x6000002dd4d0_0;
S_0x131611d70 .scope module, "FA2" "FullAdder" 3 14, 4 3 0, S_0x131611920;
 .timescale 0 0;
    .port_info 0 /INPUT 1 "A";
    .port_info 1 /INPUT 1 "B";
    .port_info 2 /INPUT 1 "C";
    .port_info 3 /OUTPUT 1 "carry";
    .port_info 4 /OUTPUT 1 "sum";
v0x6000002dd680_0 .net "A", 0 0, L_0x6000001da940;  1 drivers
v0x6000002dd710_0 .net "B", 0 0, L_0x6000001da9e0;  1 drivers
v0x6000002dd7a0_0 .net "C", 0 0, L_0x6000001daa80;  1 drivers
v0x6000002dd830_0 .var "carry", 0 0;
v0x6000002dd8c0_0 .var "sum", 0 0;
E_0x600003ed2b20 .event edge, v0x6000002dd680_0, v0x6000002dd710_0, v0x6000002dd7a0_0;
S_0x131611ee0 .scope module, "FA3" "FullAdder" 3 15, 4 3 0, S_0x131611920;
 .timescale 0 0;
    .port_info 0 /INPUT 1 "A";
    .port_info 1 /INPUT 1 "B";
    .port_info 2 /INPUT 1 "C";
    .port_info 3 /OUTPUT 1 "carry";
    .port_info 4 /OUTPUT 1 "sum";
v0x6000002dd950_0 .net "A", 0 0, L_0x6000001dabc0;  1 drivers
v0x6000002dd9e0_0 .net "B", 0 0, L_0x6000001dac60;  1 drivers
v0x6000002dda70_0 .net "C", 0 0, L_0x6000001dad00;  1 drivers
v0x6000002ddb00_0 .var "carry", 0 0;
v0x6000002ddb90_0 .var "sum", 0 0;
E_0x600003ed2a60 .event edge, v0x6000002dd950_0, v0x6000002dd9e0_0, v0x6000002dda70_0;
    .scope S_0x131610500;
T_0 ;
    %wait E_0x600003ed2d30;
    %load/vec4 v0x6000002da130_0;
    %load/vec4 v0x6000002d97a0_0;
    %xor;
    %load/vec4 v0x6000002d8e10_0;
    %xor;
    %store/vec4 v0x6000002da6d0_0, 0, 1;
    %load/vec4 v0x6000002da130_0;
    %load/vec4 v0x6000002d97a0_0;
    %xor;
    %load/vec4 v0x6000002d8e10_0;
    %and;
    %load/vec4 v0x6000002da130_0;
    %load/vec4 v0x6000002d97a0_0;
    %and;
    %or;
    %store/vec4 v0x6000002d8480_0, 0, 1;
    %jmp T_0;
    .thread T_0, $push;
    .scope S_0x131610670;
T_1 ;
    %wait E_0x600003ed2ca0;
    %load/vec4 v0x6000002da760_0;
    %load/vec4 v0x6000002da7f0_0;
    %xor;
    %load/vec4 v0x6000002da880_0;
    %xor;
    %store/vec4 v0x6000002da9a0_0, 0, 1;
    %load/vec4 v0x6000002da760_0;
    %load/vec4 v0x6000002da7f0_0;
    %xor;
    %load/vec4 v0x6000002da880_0;
    %and;
    %load/vec4 v0x6000002da760_0;
    %load/vec4 v0x6000002da7f0_0;
    %and;
    %or;
    %store/vec4 v0x6000002da910_0, 0, 1;
    %jmp T_1;
    .thread T_1, $push;
    .scope S_0x1316107e0;
T_2 ;
    %wait E_0x600003ed2c10;
    %load/vec4 v0x6000002daa30_0;
    %load/vec4 v0x6000002daac0_0;
    %xor;
    %load/vec4 v0x6000002dab50_0;
    %xor;
    %store/vec4 v0x6000002dac70_0, 0, 1;
    %load/vec4 v0x6000002daa30_0;
    %load/vec4 v0x6000002daac0_0;
    %xor;
    %load/vec4 v0x6000002dab50_0;
    %and;
    %load/vec4 v0x6000002daa30_0;
    %load/vec4 v0x6000002daac0_0;
    %and;
    %or;
    %store/vec4 v0x6000002dabe0_0, 0, 1;
    %jmp T_2;
    .thread T_2, $push;
    .scope S_0x131610950;
T_3 ;
    %wait E_0x600003ed2af0;
    %load/vec4 v0x6000002dad00_0;
    %load/vec4 v0x6000002dad90_0;
    %xor;
    %load/vec4 v0x6000002dae20_0;
    %xor;
    %store/vec4 v0x6000002daf40_0, 0, 1;
    %load/vec4 v0x6000002dad00_0;
    %load/vec4 v0x6000002dad90_0;
    %xor;
    %load/vec4 v0x6000002dae20_0;
    %and;
    %load/vec4 v0x6000002dad00_0;
    %load/vec4 v0x6000002dad90_0;
    %and;
    %or;
    %store/vec4 v0x6000002daeb0_0, 0, 1;
    %jmp T_3;
    .thread T_3, $push;
    .scope S_0x131610c30;
T_4 ;
    %wait E_0x600003ed1e30;
    %load/vec4 v0x6000002db330_0;
    %load/vec4 v0x6000002db3c0_0;
    %xor;
    %load/vec4 v0x6000002db450_0;
    %xor;
    %store/vec4 v0x6000002db570_0, 0, 1;
    %load/vec4 v0x6000002db330_0;
    %load/vec4 v0x6000002db3c0_0;
    %xor;
    %load/vec4 v0x6000002db450_0;
    %and;
    %load/vec4 v0x6000002db330_0;
    %load/vec4 v0x6000002db3c0_0;
    %and;
    %or;
    %store/vec4 v0x6000002db4e0_0, 0, 1;
    %jmp T_4;
    .thread T_4, $push;
    .scope S_0x131610da0;
T_5 ;
    %wait E_0x600003ed1da0;
    %load/vec4 v0x6000002db600_0;
    %load/vec4 v0x6000002db690_0;
    %xor;
    %load/vec4 v0x6000002db720_0;
    %xor;
    %store/vec4 v0x6000002db840_0, 0, 1;
    %load/vec4 v0x6000002db600_0;
    %load/vec4 v0x6000002db690_0;
    %xor;
    %load/vec4 v0x6000002db720_0;
    %and;
    %load/vec4 v0x6000002db600_0;
    %load/vec4 v0x6000002db690_0;
    %and;
    %or;
    %store/vec4 v0x6000002db7b0_0, 0, 1;
    %jmp T_5;
    .thread T_5, $push;
    .scope S_0x131610f10;
T_6 ;
    %wait E_0x600003ed1d10;
    %load/vec4 v0x6000002db8d0_0;
    %load/vec4 v0x6000002db960_0;
    %xor;
    %load/vec4 v0x6000002db9f0_0;
    %xor;
    %store/vec4 v0x6000002dbb10_0, 0, 1;
    %load/vec4 v0x6000002db8d0_0;
    %load/vec4 v0x6000002db960_0;
    %xor;
    %load/vec4 v0x6000002db9f0_0;
    %and;
    %load/vec4 v0x6000002db8d0_0;
    %load/vec4 v0x6000002db960_0;
    %and;
    %or;
    %store/vec4 v0x6000002dba80_0, 0, 1;
    %jmp T_6;
    .thread T_6, $push;
    .scope S_0x131611080;
T_7 ;
    %wait E_0x600003ed1c80;
    %load/vec4 v0x6000002dbba0_0;
    %load/vec4 v0x6000002dbc30_0;
    %xor;
    %load/vec4 v0x6000002dbcc0_0;
    %xor;
    %store/vec4 v0x6000002dbde0_0, 0, 1;
    %load/vec4 v0x6000002dbba0_0;
    %load/vec4 v0x6000002dbc30_0;
    %xor;
    %load/vec4 v0x6000002dbcc0_0;
    %and;
    %load/vec4 v0x6000002dbba0_0;
    %load/vec4 v0x6000002dbc30_0;
    %and;
    %or;
    %store/vec4 v0x6000002dbd50_0, 0, 1;
    %jmp T_7;
    .thread T_7, $push;
    .scope S_0x131611360;
T_8 ;
    %wait E_0x600003ed0e70;
    %load/vec4 v0x6000002dc240_0;
    %load/vec4 v0x6000002dc2d0_0;
    %xor;
    %load/vec4 v0x6000002dc360_0;
    %xor;
    %store/vec4 v0x6000002dc480_0, 0, 1;
    %load/vec4 v0x6000002dc240_0;
    %load/vec4 v0x6000002dc2d0_0;
    %xor;
    %load/vec4 v0x6000002dc360_0;
    %and;
    %load/vec4 v0x6000002dc240_0;
    %load/vec4 v0x6000002dc2d0_0;
    %and;
    %or;
    %store/vec4 v0x6000002dc3f0_0, 0, 1;
    %jmp T_8;
    .thread T_8, $push;
    .scope S_0x1316114d0;
T_9 ;
    %wait E_0x600003ed0ea0;
    %load/vec4 v0x6000002dc510_0;
    %load/vec4 v0x6000002dc5a0_0;
    %xor;
    %load/vec4 v0x6000002dc630_0;
    %xor;
    %store/vec4 v0x6000002dc750_0, 0, 1;
    %load/vec4 v0x6000002dc510_0;
    %load/vec4 v0x6000002dc5a0_0;
    %xor;
    %load/vec4 v0x6000002dc630_0;
    %and;
    %load/vec4 v0x6000002dc510_0;
    %load/vec4 v0x6000002dc5a0_0;
    %and;
    %or;
    %store/vec4 v0x6000002dc6c0_0, 0, 1;
    %jmp T_9;
    .thread T_9, $push;
    .scope S_0x131611640;
T_10 ;
    %wait E_0x600003ed0e10;
    %load/vec4 v0x6000002dc7e0_0;
    %load/vec4 v0x6000002dc870_0;
    %xor;
    %load/vec4 v0x6000002dc900_0;
    %xor;
    %store/vec4 v0x6000002dca20_0, 0, 1;
    %load/vec4 v0x6000002dc7e0_0;
    %load/vec4 v0x6000002dc870_0;
    %xor;
    %load/vec4 v0x6000002dc900_0;
    %and;
    %load/vec4 v0x6000002dc7e0_0;
    %load/vec4 v0x6000002dc870_0;
    %and;
    %or;
    %store/vec4 v0x6000002dc990_0, 0, 1;
    %jmp T_10;
    .thread T_10, $push;
    .scope S_0x1316117b0;
T_11 ;
    %wait E_0x600003ed0d80;
    %load/vec4 v0x6000002dcab0_0;
    %load/vec4 v0x6000002dcb40_0;
    %xor;
    %load/vec4 v0x6000002dcbd0_0;
    %xor;
    %store/vec4 v0x6000002dccf0_0, 0, 1;
    %load/vec4 v0x6000002dcab0_0;
    %load/vec4 v0x6000002dcb40_0;
    %xor;
    %load/vec4 v0x6000002dcbd0_0;
    %and;
    %load/vec4 v0x6000002dcab0_0;
    %load/vec4 v0x6000002dcb40_0;
    %and;
    %or;
    %store/vec4 v0x6000002dcc60_0, 0, 1;
    %jmp T_11;
    .thread T_11, $push;
    .scope S_0x131611a90;
T_12 ;
    %wait E_0x600003ed2190;
    %load/vec4 v0x6000002dd0e0_0;
    %load/vec4 v0x6000002dd170_0;
    %xor;
    %load/vec4 v0x6000002dd200_0;
    %xor;
    %store/vec4 v0x6000002dd320_0, 0, 1;
    %load/vec4 v0x6000002dd0e0_0;
    %load/vec4 v0x6000002dd170_0;
    %xor;
    %load/vec4 v0x6000002dd200_0;
    %and;
    %load/vec4 v0x6000002dd0e0_0;
    %load/vec4 v0x6000002dd170_0;
    %and;
    %or;
    %store/vec4 v0x6000002dd290_0, 0, 1;
    %jmp T_12;
    .thread T_12, $push;
    .scope S_0x131611c00;
T_13 ;
    %wait E_0x600003ed20d0;
    %load/vec4 v0x6000002dd3b0_0;
    %load/vec4 v0x6000002dd440_0;
    %xor;
    %load/vec4 v0x6000002dd4d0_0;
    %xor;
    %store/vec4 v0x6000002dd5f0_0, 0, 1;
    %load/vec4 v0x6000002dd3b0_0;
    %load/vec4 v0x6000002dd440_0;
    %xor;
    %load/vec4 v0x6000002dd4d0_0;
    %and;
    %load/vec4 v0x6000002dd3b0_0;
    %load/vec4 v0x6000002dd440_0;
    %and;
    %or;
    %store/vec4 v0x6000002dd560_0, 0, 1;
    %jmp T_13;
    .thread T_13, $push;
    .scope S_0x131611d70;
T_14 ;
    %wait E_0x600003ed2b20;
    %load/vec4 v0x6000002dd680_0;
    %load/vec4 v0x6000002dd710_0;
    %xor;
    %load/vec4 v0x6000002dd7a0_0;
    %xor;
    %store/vec4 v0x6000002dd8c0_0, 0, 1;
    %load/vec4 v0x6000002dd680_0;
    %load/vec4 v0x6000002dd710_0;
    %xor;
    %load/vec4 v0x6000002dd7a0_0;
    %and;
    %load/vec4 v0x6000002dd680_0;
    %load/vec4 v0x6000002dd710_0;
    %and;
    %or;
    %store/vec4 v0x6000002dd830_0, 0, 1;
    %jmp T_14;
    .thread T_14, $push;
    .scope S_0x131611ee0;
T_15 ;
    %wait E_0x600003ed2a60;
    %load/vec4 v0x6000002dd950_0;
    %load/vec4 v0x6000002dd9e0_0;
    %xor;
    %load/vec4 v0x6000002dda70_0;
    %xor;
    %store/vec4 v0x6000002ddb90_0, 0, 1;
    %load/vec4 v0x6000002dd950_0;
    %load/vec4 v0x6000002dd9e0_0;
    %xor;
    %load/vec4 v0x6000002dda70_0;
    %and;
    %load/vec4 v0x6000002dd950_0;
    %load/vec4 v0x6000002dd9e0_0;
    %and;
    %or;
    %store/vec4 v0x6000002ddb00_0, 0, 1;
    %jmp T_15;
    .thread T_15, $push;
    .scope S_0x1316100b0;
T_16 ;
    %vpi_call 2 28 "$display", "Addition" {0 0 0};
    %pushi/vec4 15, 0, 16;
    %store/vec4 v0x6000002de370_0, 0, 16;
    %pushi/vec4 3855, 0, 16;
    %store/vec4 v0x6000002de400_0, 0, 16;
    %pushi/vec4 0, 0, 1;
    %store/vec4 v0x6000002de490_0, 0, 1;
    %delay 100, 0;
    %vpi_call 2 34 "$display", "%b+%b+%b=%b:%b", v0x6000002de370_0, v0x6000002de400_0, v0x6000002de490_0, v0x6000002de2e0_0, v0x6000002de520_0 {0 0 0};
    %end;
    .thread T_16;
# The file index is used to find the file name in the following table.
:file_names 5;
    "N/A";
    "<interactive>";
    "16BitFullAdder.v";
    "4BitFullAdder.v";
    "1BitFullAdder.v";
